<?xml version="1.0" encoding="UTF-8"?>
<!-- Generated by org.testng.reporters.JUnitReportReporter -->
<testsuite hostname="LAPTOP-CSBQP1RP" failures="0" tests="3" name="Parcours.Az2" time="0.023" errors="0" timestamp="28 Nov 2019 21:53:28 GMT">
  <testcase classname="Parcours.Az2" name="add" time="0.000"/>
  <testcase classname="Parcours.Az2" name="Moins" time="0.023"/>
  <testcase classname="Parcours.Az2" name="Mul" time="0.000"/>
</testsuite> <!-- Parcours.Az2 -->
