<?xml version="1.0" encoding="UTF-8"?>
<!-- Generated by org.testng.reporters.JUnitReportReporter -->
<testsuite hostname="LAPTOP-CSBQP1RP" failures="0" tests="3" name="Parcours.Az" time="0.008" errors="0" timestamp="28 Nov 2019 21:53:28 GMT">
  <testcase classname="Parcours.Az" name="Moins" time="0.003"/>
  <testcase classname="Parcours.Az" name="add" time="0.002"/>
  <testcase classname="Parcours.Az" name="Mul" time="0.003"/>
</testsuite> <!-- Parcours.Az -->
