<?xml version="1.0" encoding="UTF-8"?>
<!-- Generated by org.testng.reporters.JUnitReportReporter -->
<testsuite hostname="LAPTOP-CSBQP1RP" failures="0" tests="1" name="parcours.Main" time="87.520" errors="0" timestamp="29 Nov 2019 17:13:35 GMT">
  <testcase classname="parcours.Main" name="main" time="87.520"/>
</testsuite> <!-- parcours.Main -->
