<?xml version="1.0" encoding="UTF-8"?>
<!-- Generated by org.testng.reporters.JUnitReportReporter -->
<testsuite hostname="LAPTOP-CSBQP1RP" failures="0" tests="3" name="parcours.Az2" time="0.007" errors="0" timestamp="29 Nov 2019 17:13:35 GMT">
  <testcase classname="parcours.Az2" name="add" time="0.002"/>
  <testcase classname="parcours.Az2" name="Mul" time="0.002"/>
  <testcase classname="parcours.Az2" name="Moins" time="0.003"/>
</testsuite> <!-- parcours.Az2 -->
