<?xml version="1.0" encoding="UTF-8"?>
<!-- Generated by org.testng.reporters.JUnitReportReporter -->
<testsuite hostname="LAPTOP-CSBQP1RP" failures="0" tests="3" name="parcours.Az2" time="0.000" errors="0" timestamp="28 Nov 2019 22:14:39 GMT">
  <testcase classname="parcours.Az2" name="Moins" time="0.000"/>
  <testcase classname="parcours.Az2" name="add" time="0.000"/>
  <testcase classname="parcours.Az2" name="Mul" time="0.000"/>
</testsuite> <!-- parcours.Az2 -->
