<?xml version="1.0" encoding="UTF-8"?>
<!-- Generated by org.testng.reporters.JUnitReportReporter -->
<testsuite hostname="LAPTOP-CSBQP1RP" failures="0" tests="3" name="parcours.Az" time="0.033" errors="0" timestamp="28 Nov 2019 22:14:39 GMT">
  <testcase classname="parcours.Az" name="Moins" time="0.028"/>
  <testcase classname="parcours.Az" name="add" time="0.004"/>
  <testcase classname="parcours.Az" name="Mul" time="0.001"/>
</testsuite> <!-- parcours.Az -->
